<?xml version="1.0" encoding="UTF-8"?>
<testng-results skipped="0" failed="1" ignored="0" total="4" passed="3">
  <reporter-output>
  </reporter-output>
  <suite name="Default suite" duration-ms="4290" started-at="2020-07-26T15:04:23Z" finished-at="2020-07-26T15:04:27Z">
    <groups>
    </groups>
    <test name="Default test" duration-ms="4290" started-at="2020-07-26T15:04:23Z" finished-at="2020-07-26T15:04:27Z">
      <class name="empData.Employee">
        <test-method status="PASS" signature="getData()[pri:0, instance:empData.Employee@64bf3bbf]" name="getData" is-config="true" duration-ms="18" started-at="2020-07-26T15:04:23Z" finished-at="2020-07-26T15:04:23Z">
          <reporter-output>
          </reporter-output>
        </test-method> <!-- getData -->
        <test-method status="PASS" signature="statusValidation()[pri:1, instance:empData.Employee@64bf3bbf]" name="statusValidation" duration-ms="4168" started-at="2020-07-26T15:04:23Z" finished-at="2020-07-26T15:04:27Z">
          <reporter-output>
          </reporter-output>
        </test-method> <!-- statusValidation -->
        <test-method status="PASS" signature="headerValidation()[pri:2, instance:empData.Employee@64bf3bbf]" name="headerValidation" duration-ms="2" started-at="2020-07-26T15:04:27Z" finished-at="2020-07-26T15:04:27Z">
          <reporter-output>
          </reporter-output>
        </test-method> <!-- headerValidation -->
        <test-method status="PASS" signature="responseBodyValidation()[pri:3, instance:empData.Employee@64bf3bbf]" name="responseBodyValidation" duration-ms="50" started-at="2020-07-26T15:04:27Z" finished-at="2020-07-26T15:04:27Z">
          <reporter-output>
          </reporter-output>
        </test-method> <!-- responseBodyValidation -->
        <test-method status="FAIL" signature="companyValidation()[pri:4, instance:empData.Employee@64bf3bbf]" name="companyValidation" duration-ms="2" started-at="2020-07-26T15:04:27Z" finished-at="2020-07-26T15:04:27Z">
          <exception class="junit.framework.ComparisonFailure">
            <message>
              <![CDATA[expected:<ABC...> but was:<IG...>]]>
            </message>
            <full-stacktrace>
              <![CDATA[junit.framework.ComparisonFailure: expected:<ABC...> but was:<IG...>
at junit.framework.Assert.assertEquals(Assert.java:81)
at junit.framework.Assert.assertEquals(Assert.java:87)
at empData.Employee.companyValidation(Employee.java:150)
at sun.reflect.NativeMethodAccessorImpl.invoke0(Native Method)
at sun.reflect.NativeMethodAccessorImpl.invoke(Unknown Source)
at sun.reflect.DelegatingMethodAccessorImpl.invoke(Unknown Source)
at java.lang.reflect.Method.invoke(Unknown Source)
at org.testng.internal.MethodInvocationHelper.invokeMethod(MethodInvocationHelper.java:124)
at org.testng.internal.Invoker.invokeMethod(Invoker.java:580)
at org.testng.internal.Invoker.invokeTestMethod(Invoker.java:716)
at org.testng.internal.Invoker.invokeTestMethods(Invoker.java:988)
at org.testng.internal.TestMethodWorker.invokeTestMethods(TestMethodWorker.java:125)
at org.testng.internal.TestMethodWorker.run(TestMethodWorker.java:109)
at org.testng.TestRunner.privateRun(TestRunner.java:648)
at org.testng.TestRunner.run(TestRunner.java:505)
at org.testng.SuiteRunner.runTest(SuiteRunner.java:455)
at org.testng.SuiteRunner.runSequentially(SuiteRunner.java:450)
at org.testng.SuiteRunner.privateRun(SuiteRunner.java:415)
at org.testng.SuiteRunner.run(SuiteRunner.java:364)
at org.testng.SuiteRunnerWorker.runSuite(SuiteRunnerWorker.java:52)
at org.testng.SuiteRunnerWorker.run(SuiteRunnerWorker.java:84)
at org.testng.TestNG.runSuitesSequentially(TestNG.java:1208)
at org.testng.TestNG.runSuitesLocally(TestNG.java:1137)
at org.testng.TestNG.runSuites(TestNG.java:1049)
at org.testng.TestNG.run(TestNG.java:1017)
at org.testng.remote.AbstractRemoteTestNG.run(AbstractRemoteTestNG.java:114)
at org.testng.remote.RemoteTestNG.initAndRun(RemoteTestNG.java:251)
at org.testng.remote.RemoteTestNG.main(RemoteTestNG.java:77)
]]>
            </full-stacktrace>
          </exception> <!-- junit.framework.ComparisonFailure -->
          <reporter-output>
          </reporter-output>
        </test-method> <!-- companyValidation -->
      </class> <!-- empData.Employee -->
    </test> <!-- Default test -->
  </suite> <!-- Default suite -->
</testng-results>
