<?xml version="1.0" encoding="UTF-8"?>
<!-- Generated by org.testng.reporters.JUnitXMLReporter -->
<testsuite hostname="JCPSI92RGPH2" ignored="0" name="Validating Employee data" tests="4" failures="1" timestamp="26 Jul 2020 14:26:22 GMT" time="3.671" errors="0">
  <testcase name="statusValidation" time="3.563" classname="empData.Employee"/>
  <testcase name="headerValidation" time="0.002" classname="empData.Employee"/>
  <testcase name="responseBodyValidation" time="0.038" classname="empData.Employee"/>
  <testcase name="companyValidation" time="0.002" classname="empData.Employee">
    <failure type="junit.framework.ComparisonFailure" message="expected:&amp;lt;ABC...&amp;gt; but was:&amp;lt;IG...&amp;gt;">
      <![CDATA[junit.framework.ComparisonFailure: expected:<ABC...> but was:<IG...>
at junit.framework.Assert.assertEquals(Assert.java:81)
at junit.framework.Assert.assertEquals(Assert.java:87)
at empData.Employee.companyValidation(Employee.java:149)
... Removed 25 stack frames]]>
    </failure>
  </testcase> <!-- companyValidation -->
</testsuite> <!-- Validating Employee data -->
